New log file opened at Sun Aug 28 11:52:57 CST 2016 by 8896@LAPTOP-AHAVLMEL
Taking next connection to: 52773
New client attempting to connect on port: 52774-52773
  Address = /192.168.1.24:52773
This client on port 52774 has uuid 6bcc069e-3897-4f9d-bac6-9546b673d490 configName play-fork-run humanReadableName Play Fork Run protocolVersion 1 featureTags Vector()
Connected Clients: play-fork-run-6bcc069e-3897-4f9d-bac6-9546b673d490
Taking next connection to: 52773
Checking to see if clients are empty...
We have 1 non-daemon clients, continuing serving connections.
Taking next connection to: 52773
Checking to see if clients are empty...
We have 1 non-daemon clients, continuing serving connections.
Taking next connection to: 52773
Checking to see if clients are empty...
We have 1 non-daemon clients, continuing serving connections.
Taking next connection to: 52773
Checking to see if clients are empty...
We have 1 non-daemon clients, continuing serving connections.
Taking next connection to: 52773
Checking to see if clients are empty...
We have 1 non-daemon clients, continuing serving connections.
Taking next connection to: 52773
New client attempting to connect on port: 52805-52773
  Address = /192.168.1.24:52773
Handshake exception on socket: 52805
sbt.impl.ipc.HandshakeException: Unable to perform handshake
	at sbt.impl.ipc.Peer.handshake(IPC.scala:46)
	at sbt.impl.ipc.MultiClientServer.<init>(IPC.scala:150)
	at sbt.server.SbtServerSocketHandler$$anon$1.run(SbtServerSocketHandler.scala:43)
Caused by: java.net.SocketException: Software caused connection abort: recv failed
	at java.net.SocketInputStream.socketRead0(Native Method)
	at java.net.SocketInputStream.socketRead(SocketInputStream.java:116)
	at java.net.SocketInputStream.read(SocketInputStream.java:170)
	at java.net.SocketInputStream.read(SocketInputStream.java:141)
	at java.io.BufferedInputStream.fill(BufferedInputStream.java:246)
	at java.io.BufferedInputStream.read(BufferedInputStream.java:265)
	at java.io.DataInputStream.readInt(DataInputStream.java:387)
	at sbt.impl.ipc.Peer.receive(IPC.scala:95)
	at sbt.impl.ipc.Peer.handshake(IPC.scala:49)
	... 2 more
Taking next connection to: 52773
New client attempting to connect on port: 52806-52773
  Address = /192.168.1.24:52773
This client on port 52806 has uuid f894c2ed-995a-4542-9128-8cb59c9f3e69 configName play-fork-run humanReadableName Play Fork Run protocolVersion 1 featureTags Vector()
Connected Clients: play-fork-run-f894c2ed-995a-4542-9128-8cb59c9f3e69
Taking next connection to: 52773
Checking to see if clients are empty...
No non-daemon clients connected after 3 min. Shutting down.
Server socket thread exiting.
0 clients open, will close them...
All client sockets have been closed.
Closing the 8896@LAPTOP-AHAVLMEL logs at Sun Aug 28 12:12:30 CST 2016, goodbye.
