New log file opened at Sat Aug 27 17:52:20 CST 2016 by 4468@LAPTOP-AHAVLMEL
Sending msg to client play-fork-run-ad745eab-0988-4f2b-84bf-196b5f08da5b: DetachedLogEvent(LogMessage(debug,sbt server socket logs are in: C:\Users\bruno\play-scala-intro\.sbtserver\connections\master.log))
Sending msg to client play-fork-run-ad745eab-0988-4f2b-84bf-196b5f08da5b: DetachedLogEvent(LogMessage(debug,sbt client logs are in: C:\Users\bruno\play-scala-intro\.sbtserver\connections\play-fork-run-ad745eab-0988-4f2b-84bf-196b5f08da5b.log))
Sending msg to client play-fork-run-ad745eab-0988-4f2b-84bf-196b5f08da5b: DetachedLogEvent(LogMessage(debug,sbt general server logs are in: C:\Users\bruno\play-scala-intro\.sbtserver\master.log))
Reading next message from client.
Got request: ListenToEvents()
Reading next message from client.
Sending msg to client play-fork-run-ad745eab-0988-4f2b-84bf-196b5f08da5b: DetachedLogEvent(LogMessage(debug,> --initialize))
Sending msg to client play-fork-run-ad745eab-0988-4f2b-84bf-196b5f08da5b: (3,ReceivedResponse())
Sending msg to client play-fork-run-ad745eab-0988-4f2b-84bf-196b5f08da5b: DetachedLogEvent(LogMessage(debug,> initialize))
Sending msg to client play-fork-run-ad745eab-0988-4f2b-84bf-196b5f08da5b: DetachedLogEvent(LogMessage(debug,> onFailure load-failed))
Sending msg to client play-fork-run-ad745eab-0988-4f2b-84bf-196b5f08da5b: DetachedLogEvent(LogMessage(debug,> boot))
Sending msg to client play-fork-run-ad745eab-0988-4f2b-84bf-196b5f08da5b: DetachedLogEvent(LogMessage(debug,> reload))
Sending msg to client play-fork-run-ad745eab-0988-4f2b-84bf-196b5f08da5b: DetachedLogEvent(LogMessage(debug,[Loading] Scanning directory C:\Users\bruno\play-scala-intro\project))
Got request: UnlistenToEvents()
Reading next message from client.
Sending msg to client play-fork-run-ad745eab-0988-4f2b-84bf-196b5f08da5b: (4,ReceivedResponse())
Got request: ListenToValue(AttributeKey[play.forkrun.protocol.ForkConfig]("playForkConfig") in Scope(Build: file:/C:/Users/bruno/play-scala-intro/, , Project: ProjectReference(file:/C:/Users/bruno/play-scala-intro/,root)))
Reading next message from client.
Got request: UnlistenToValue(AttributeKey[play.forkrun.protocol.ForkConfig]("playForkConfig") in Scope(Build: file:/C:/Users/bruno/play-scala-intro/, , Project: ProjectReference(file:/C:/Users/bruno/play-scala-intro/,root)))
Reading next message from client.
Got request: ListenToValue(AttributeKey[play.runsupport.Reloader$CompileResult]("playForkReload") in Scope(Build: file:/C:/Users/bruno/play-scala-intro/, , Project: ProjectReference(file:/C:/Users/bruno/play-scala-intro/,root)))
Reading next message from client.
Got request: UnlistenToValue(AttributeKey[play.runsupport.Reloader$CompileResult]("playForkReload") in Scope(Build: file:/C:/Users/bruno/play-scala-intro/, , Project: ProjectReference(file:/C:/Users/bruno/play-scala-intro/,root)))
Reading next message from client.
Client play-fork-run-ad745eab-0988-4f2b-84bf-196b5f08da5b EOF, shutting down.
Stopping client.
Dropping message (0,ReceivedResponse()) to dead client play-fork-run-ad745eab-0988-4f2b-84bf-196b5f08da5b
Client play-fork-run-ad745eab-0988-4f2b-84bf-196b5f08da5b thread exiting.
Dropping message (5,ReceivedResponse()) to dead client play-fork-run-ad745eab-0988-4f2b-84bf-196b5f08da5b
Dropping message (6,ReceivedResponse()) to dead client play-fork-run-ad745eab-0988-4f2b-84bf-196b5f08da5b
Dropping message (7,ReceivedResponse()) to dead client play-fork-run-ad745eab-0988-4f2b-84bf-196b5f08da5b
Dropping message (8,ReceivedResponse()) to dead client play-fork-run-ad745eab-0988-4f2b-84bf-196b5f08da5b
